{"name": "Login with valid data", "status": "broken", "statusDetails": {"message": "selenium.common.exceptions.NoSuchElementException: Message: no such element: Unable to locate element: {\"method\":\"xpath\",\"selector\":\"//span[contains(text(),'My Account')]\"}\n  (Session info: chrome=71.0.3578.80)\n  (Driver info: chromedriver=2.40.565498 (ea082db3280dd6843ebfb08a625e3eb905c4f5ab),platform=Windows NT 10.0.15063 x86_64)\n\n", "trace": "  File \"c:\\users\\enriquealejandro.d\\appdata\\local\\programs\\python\\python37\\lib\\site-packages\\behave\\model.py\", line 1329, in run\n    match.run(runner.context)\n  File \"c:\\users\\enriquealejandro.d\\appdata\\local\\programs\\python\\python37\\lib\\site-packages\\behave\\matchers.py\", line 98, in run\n    self.func(context, *args, **kwargs)\n  File \"features\\steps\\StepDefinitions.py\", line 12, in user_reg_page\n    context.driver.find_element_by_xpath(\"//span[contains(text(),'My Account')]\").click()\n  File \"c:\\users\\enriquealejandro.d\\appdata\\local\\programs\\python\\python37\\lib\\site-packages\\selenium\\webdriver\\remote\\webdriver.py\", line 393, in find_element_by_xpath\n    return self.find_element(by=By.XPATH, value=xpath)\n  File \"c:\\users\\enriquealejandro.d\\appdata\\local\\programs\\python\\python37\\lib\\site-packages\\selenium\\webdriver\\remote\\webdriver.py\", line 966, in find_element\n    'value': value})['value']\n  File \"c:\\users\\enriquealejandro.d\\appdata\\local\\programs\\python\\python37\\lib\\site-packages\\selenium\\webdriver\\remote\\webdriver.py\", line 320, in execute\n    self.error_handler.check_response(response)\n  File \"c:\\users\\enriquealejandro.d\\appdata\\local\\programs\\python\\python37\\lib\\site-packages\\selenium\\webdriver\\remote\\errorhandler.py\", line 242, in check_response\n    raise exception_class(message, screen, stacktrace)\n"}, "steps": [{"name": "Given User is on registration page", "status": "broken", "statusDetails": {"message": "selenium.common.exceptions.NoSuchElementException: Message: no such element: Unable to locate element: {\"method\":\"xpath\",\"selector\":\"//span[contains(text(),'My Account')]\"}\n  (Session info: chrome=71.0.3578.80)\n  (Driver info: chromedriver=2.40.565498 (ea082db3280dd6843ebfb08a625e3eb905c4f5ab),platform=Windows NT 10.0.15063 x86_64)\n\n", "trace": "  File \"c:\\users\\enriquealejandro.d\\appdata\\local\\programs\\python\\python37\\lib\\site-packages\\behave\\model.py\", line 1329, in run\n    match.run(runner.context)\n  File \"c:\\users\\enriquealejandro.d\\appdata\\local\\programs\\python\\python37\\lib\\site-packages\\behave\\matchers.py\", line 98, in run\n    self.func(context, *args, **kwargs)\n  File \"features\\steps\\StepDefinitions.py\", line 12, in user_reg_page\n    context.driver.find_element_by_xpath(\"//span[contains(text(),'My Account')]\").click()\n  File \"c:\\users\\enriquealejandro.d\\appdata\\local\\programs\\python\\python37\\lib\\site-packages\\selenium\\webdriver\\remote\\webdriver.py\", line 393, in find_element_by_xpath\n    return self.find_element(by=By.XPATH, value=xpath)\n  File \"c:\\users\\enriquealejandro.d\\appdata\\local\\programs\\python\\python37\\lib\\site-packages\\selenium\\webdriver\\remote\\webdriver.py\", line 966, in find_element\n    'value': value})['value']\n  File \"c:\\users\\enriquealejandro.d\\appdata\\local\\programs\\python\\python37\\lib\\site-packages\\selenium\\webdriver\\remote\\webdriver.py\", line 320, in execute\n    self.error_handler.check_response(response)\n  File \"c:\\users\\enriquealejandro.d\\appdata\\local\\programs\\python\\python37\\lib\\site-packages\\selenium\\webdriver\\remote\\errorhandler.py\", line 242, in check_response\n    raise exception_class(message, screen, stacktrace)\n"}, "start": 1544637189518, "stop": 1544637319566}, {"name": "When User enters username", "status": "skipped", "start": 1544637319566, "stop": 1544637319566}, {"name": "And User enters password", "status": "skipped", "start": 1544637319566, "stop": 1544637319566}, {"name": "And User click on signup button", "status": "skipped", "start": 1544637319566, "stop": 1544637319566}, {"name": "Then User should be logged successfully", "status": "skipped", "start": 1544637319566, "stop": 1544637319566}], "start": 1544637189502, "stop": 1544637319566, "uuid": "782f6270-e2fb-4759-9bb8-0294ab862a9b", "historyId": "0ec7d6d5917a63bf47b6ce89a76ae0f8", "labels": [{"name": "tag", "value": "sanity"}, {"name": "severity", "value": "normal"}, {"name": "feature", "value": "Verifying login functionality"}, {"name": "framework", "value": "behave"}, {"name": "language", "value": "cpython3"}]}